2022-11-30 10:06:39,331 [Worker-3: Loading available Gradle versions] INFO  o.e.b.c.i.u.g.PublishedGradleVersions - Gradle version information cache is up-to-date. Trying to read.
2022-11-30 10:13:26,317 [Worker-4: Loading available Gradle versions] INFO  o.e.b.c.i.u.g.PublishedGradleVersions - Gradle version information cache is up-to-date. Trying to read.
2022-11-30 10:17:01,256 [Worker-15: Enabling Maven Dependency Management] INFO  o.e.m.c.i.l.LifecycleMappingFactory - Using org.maven.ide.eclipse.wtp.WarLifecycleMapping lifecycle mapping for MavenProject: QuanLyDeTai:QuanLyDeTai:1.0 @ D:\CODE\CNPM\SprintBacklog_SoftwareEngineer_G6\QuanLyDeTai\pom.xml.
2022-11-30 10:17:03,726 [Worker-23: Building] WARN  o.e.m.c.i.embedder.EclipseLogger - Using platform encoding (Cp1252 actually) to copy filtered resources, i.e. build is platform dependent!
2022-11-30 10:17:03,727 [Worker-23: Building] INFO  o.e.m.c.i.embedder.EclipseLogger - skip non existing resourceDirectory D:\CODE\CNPM\SprintBacklog_SoftwareEngineer_G6\QuanLyDeTai\src\main\resources
2022-11-30 10:17:03,729 [Worker-23: Building] WARN  o.e.m.c.i.embedder.EclipseLogger - Using platform encoding (Cp1252 actually) to copy filtered resources, i.e. build is platform dependent!
2022-11-30 10:17:03,730 [Worker-23: Building] INFO  o.e.m.c.i.embedder.EclipseLogger - skip non existing resourceDirectory D:\CODE\CNPM\SprintBacklog_SoftwareEngineer_G6\QuanLyDeTai\src\test\resources
2022-11-30 10:17:03,743 [Worker-15: Enabling Maven Dependency Management] INFO  o.e.m.j.i.AbstractJavaProjectConfigurator - Adding source folder /QuanLyDeTai/src/main/java
2022-11-30 10:17:03,744 [Worker-15: Enabling Maven Dependency Management] INFO  o.e.m.j.i.AbstractJavaProjectConfigurator - Adding source folder /QuanLyDeTai/src/test/java
2022-11-30 10:17:03,883 [Worker-15: Enabling Maven Dependency Management] INFO  o.e.m.c.i.p.ProjectConfigurationManager - Update started
2022-11-30 10:17:04,223 [Worker-15: Enabling Maven Dependency Management] INFO  o.e.m.c.i.l.LifecycleMappingFactory - Using org.maven.ide.eclipse.wtp.WarLifecycleMapping lifecycle mapping for MavenProject: QuanLyDeTai:QuanLyDeTai:1.0 @ D:\CODE\CNPM\SprintBacklog_SoftwareEngineer_G6\QuanLyDeTai\pom.xml.
2022-11-30 10:17:04,745 [Worker-15: Enabling Maven Dependency Management] INFO  o.e.m.j.i.AbstractJavaProjectConfigurator - Adding source folder /QuanLyDeTai/src/main/java
2022-11-30 10:17:04,761 [Worker-15: Enabling Maven Dependency Management] INFO  o.e.m.j.i.AbstractJavaProjectConfigurator - Adding source folder /QuanLyDeTai/src/test/java
2022-11-30 10:17:04,874 [Worker-15: Enabling Maven Dependency Management] INFO  o.e.m.w.i.f.ResourceFilteringBuildParticipant - Cleaning filtered folder for QuanLyDeTai
2022-11-30 10:17:04,887 [Worker-15: Enabling Maven Dependency Management] INFO  o.e.m.c.i.p.ProjectConfigurationManager - Update completed: 1 sec
2022-11-30 10:17:05,011 [Worker-25: Building] WARN  o.e.m.c.i.embedder.EclipseLogger - Using platform encoding (Cp1252 actually) to copy filtered resources, i.e. build is platform dependent!
2022-11-30 10:17:05,012 [Worker-25: Building] INFO  o.e.m.c.i.embedder.EclipseLogger - skip non existing resourceDirectory D:\CODE\CNPM\SprintBacklog_SoftwareEngineer_G6\QuanLyDeTai\src\main\resources
2022-11-30 10:17:05,015 [Worker-25: Building] WARN  o.e.m.c.i.embedder.EclipseLogger - Using platform encoding (Cp1252 actually) to copy filtered resources, i.e. build is platform dependent!
2022-11-30 10:17:05,016 [Worker-25: Building] INFO  o.e.m.c.i.embedder.EclipseLogger - skip non existing resourceDirectory D:\CODE\CNPM\SprintBacklog_SoftwareEngineer_G6\QuanLyDeTai\src\test\resources
2022-11-30 10:17:05,016 [Worker-25: Building] INFO  o.e.m.w.i.f.ResourceFilteringBuildParticipant - Changed resources require a complete clean of filtered resources of QuanLyDeTai
2022-11-30 10:17:05,016 [Worker-25: Building] INFO  o.e.m.w.i.f.ResourceFilteringBuildParticipant - Executing resource filtering for QuanLyDeTai
2022-11-30 10:17:05,046 [Worker-25: Building] WARN  o.e.m.c.i.embedder.EclipseLogger - Using platform encoding (Cp1252 actually) to copy filtered resources, i.e. build is platform dependent!
2022-11-30 16:40:24,767 [Worker-0: Loading available Gradle versions] INFO  o.e.b.c.i.u.g.PublishedGradleVersions - Gradle version information cache is out-of-date. Trying to update.
2022-12-01 09:13:40,979 [Worker-0: Loading available Gradle versions] INFO  o.e.b.c.i.u.g.PublishedGradleVersions - Gradle version information cache is up-to-date. Trying to read.
2022-12-01 09:13:42,157 [Worker-5: reload maven project] ERROR o.e.m2e.editor.pom.MavenPomEditor - failed to load maven project for org.eclipse.ui.part.FileEditorInput(/QuanLyDeTai/pom.xml)
org.eclipse.core.runtime.CoreException: Could not read maven project
	at org.eclipse.m2e.core.internal.project.registry.ProjectRegistryManager.readProjectWithDependencies(ProjectRegistryManager.java:831) ~[na:na]
	at org.eclipse.m2e.core.internal.project.registry.ProjectRegistryManager.lambda$26(ProjectRegistryManager.java:1049) ~[na:na]
	at java.base/java.util.HashMap.computeIfAbsent(HashMap.java:1220) ~[na:na]
	at java.base/java.util.Collections$SynchronizedMap.computeIfAbsent(Collections.java:2760) ~[na:na]
	at org.eclipse.m2e.core.internal.project.registry.ProjectRegistryManager.lambda$25(ProjectRegistryManager.java:1048) ~[na:na]
	at java.base/java.util.Map.computeIfAbsent(Map.java:1054) ~[na:na]
	at org.eclipse.m2e.core.internal.project.registry.ProjectRegistryManager.getMavenProject(ProjectRegistryManager.java:1048) ~[na:na]
	at org.eclipse.m2e.core.internal.project.registry.MavenProjectFacade.getMavenProject(MavenProjectFacade.java:261) ~[na:na]
	at org.eclipse.m2e.core.ui.internal.actions.SelectionUtil.getMavenProject(SelectionUtil.java:257) ~[org.eclipse.m2e.core.ui_1.19.0.20220206-1032.jar:na]
	at org.eclipse.m2e.editor.pom.MavenPomEditor.readMavenProject(MavenPomEditor.java:659) ~[na:na]
	at org.eclipse.m2e.editor.pom.MavenPomEditor$3.run(MavenPomEditor.java:979) ~[na:na]
	at org.eclipse.core.internal.jobs.Worker.run(Worker.java:63) ~[org.eclipse.core.jobs_3.13.0.v20220512-1935.jar:na]
2022-12-01 09:19:18,143 [Worker-4: Loading available Gradle versions] INFO  o.e.b.c.i.u.g.PublishedGradleVersions - Gradle version information cache is up-to-date. Trying to read.
2022-12-01 09:19:19,797 [Worker-7: reload maven project] ERROR o.e.m2e.editor.pom.MavenPomEditor - failed to load maven project for org.eclipse.ui.part.FileEditorInput(/QuanLyDeTai/pom.xml)
org.eclipse.core.runtime.CoreException: Could not read maven project
	at org.eclipse.m2e.core.internal.project.registry.ProjectRegistryManager.readProjectWithDependencies(ProjectRegistryManager.java:831) ~[na:na]
	at org.eclipse.m2e.core.internal.project.registry.ProjectRegistryManager.lambda$26(ProjectRegistryManager.java:1049) ~[na:na]
	at java.base/java.util.HashMap.computeIfAbsent(HashMap.java:1220) ~[na:na]
	at java.base/java.util.Collections$SynchronizedMap.computeIfAbsent(Collections.java:2760) ~[na:na]
	at org.eclipse.m2e.core.internal.project.registry.ProjectRegistryManager.lambda$25(ProjectRegistryManager.java:1048) ~[na:na]
	at java.base/java.util.Map.computeIfAbsent(Map.java:1054) ~[na:na]
	at org.eclipse.m2e.core.internal.project.registry.ProjectRegistryManager.getMavenProject(ProjectRegistryManager.java:1048) ~[na:na]
	at org.eclipse.m2e.core.internal.project.registry.MavenProjectFacade.getMavenProject(MavenProjectFacade.java:261) ~[na:na]
	at org.eclipse.m2e.core.ui.internal.actions.SelectionUtil.getMavenProject(SelectionUtil.java:257) ~[org.eclipse.m2e.core.ui_1.19.0.20220206-1032.jar:na]
	at org.eclipse.m2e.editor.pom.MavenPomEditor.readMavenProject(MavenPomEditor.java:659) ~[na:na]
	at org.eclipse.m2e.editor.pom.MavenPomEditor$3.run(MavenPomEditor.java:979) ~[na:na]
	at org.eclipse.core.internal.jobs.Worker.run(Worker.java:63) ~[org.eclipse.core.jobs_3.13.0.v20220512-1935.jar:na]
2022-12-01 09:21:37,578 [Worker-5: Loading available Gradle versions] INFO  o.e.b.c.i.u.g.PublishedGradleVersions - Gradle version information cache is up-to-date. Trying to read.
2022-12-01 09:22:04,258 [Worker-16: Building] INFO  o.e.m.c.i.l.LifecycleMappingFactory - Using org.maven.ide.eclipse.wtp.WarLifecycleMapping lifecycle mapping for MavenProject: QuanLyDeTai:QuanLyDeTai:1.0 @ D:\CODE\CNPM\SprintBacklog_SoftwareEngineer_G6\QuanLyDeTai\pom.xml.
2022-12-01 09:22:04,258 [Worker-14: Updating Maven Dependencies] INFO  o.e.m.c.i.l.LifecycleMappingFactory - Using org.maven.ide.eclipse.wtp.WarLifecycleMapping lifecycle mapping for MavenProject: QuanLyDeTai:QuanLyDeTai:1.0 @ D:\CODE\CNPM\SprintBacklog_SoftwareEngineer_G6\QuanLyDeTai\pom.xml.
2022-12-01 09:22:07,027 [Worker-16: Building] WARN  o.e.m.c.i.embedder.EclipseLogger - Using platform encoding (Cp1252 actually) to copy filtered resources, i.e. build is platform dependent!
2022-12-01 09:22:07,028 [Worker-16: Building] INFO  o.e.m.c.i.embedder.EclipseLogger - skip non existing resourceDirectory D:\CODE\CNPM\SprintBacklog_SoftwareEngineer_G6\QuanLyDeTai\src\main\resources
2022-12-01 09:22:07,031 [Worker-16: Building] WARN  o.e.m.c.i.embedder.EclipseLogger - Using platform encoding (Cp1252 actually) to copy filtered resources, i.e. build is platform dependent!
2022-12-01 09:22:07,031 [Worker-16: Building] INFO  o.e.m.c.i.embedder.EclipseLogger - skip non existing resourceDirectory D:\CODE\CNPM\SprintBacklog_SoftwareEngineer_G6\QuanLyDeTai\src\test\resources
2022-12-01 09:22:10,694 [Worker-16: Updating Maven Dependencies] INFO  o.e.m.c.i.l.LifecycleMappingFactory - Using org.maven.ide.eclipse.wtp.WarLifecycleMapping lifecycle mapping for MavenProject: QuanLyDeTai:QuanLyDeTai:1.0 @ D:\CODE\CNPM\SprintBacklog_SoftwareEngineer_G6\QuanLyDeTai\pom.xml.
2022-12-01 09:22:11,693 [Worker-17: Building] WARN  o.e.m.c.i.embedder.EclipseLogger - Using platform encoding (Cp1252 actually) to copy filtered resources, i.e. build is platform dependent!
2022-12-01 09:22:11,694 [Worker-17: Building] INFO  o.e.m.c.i.embedder.EclipseLogger - skip non existing resourceDirectory D:\CODE\CNPM\SprintBacklog_SoftwareEngineer_G6\QuanLyDeTai\src\main\resources
2022-12-01 09:22:11,697 [Worker-17: Building] WARN  o.e.m.c.i.embedder.EclipseLogger - Using platform encoding (Cp1252 actually) to copy filtered resources, i.e. build is platform dependent!
2022-12-01 09:22:11,698 [Worker-17: Building] INFO  o.e.m.c.i.embedder.EclipseLogger - skip non existing resourceDirectory D:\CODE\CNPM\SprintBacklog_SoftwareEngineer_G6\QuanLyDeTai\src\test\resources
2022-12-01 09:44:03,750 [Worker-25: Updating Maven Project] INFO  o.e.m.c.i.p.ProjectConfigurationManager - Update started
2022-12-01 09:44:04,065 [Worker-25: Updating Maven Project] INFO  o.e.m.c.i.l.LifecycleMappingFactory - Using org.maven.ide.eclipse.wtp.WarLifecycleMapping lifecycle mapping for MavenProject: QuanLyDeTai:QuanLyDeTai:1.0 @ D:\CODE\CNPM\SprintBacklog_SoftwareEngineer_G6\QuanLyDeTai\pom.xml.
2022-12-01 09:44:04,621 [Worker-25: Updating Maven Project] INFO  o.e.m.j.i.AbstractJavaProjectConfigurator - Adding source folder /QuanLyDeTai/src/main/java
2022-12-01 09:44:04,622 [Worker-25: Updating Maven Project] INFO  o.e.m.j.i.AbstractJavaProjectConfigurator - Adding source folder /QuanLyDeTai/src/test/java
2022-12-01 09:44:04,884 [Worker-25: Updating Maven Project] INFO  o.e.m.w.i.f.ResourceFilteringBuildParticipant - Cleaning filtered folder for QuanLyDeTai
2022-12-01 09:44:04,900 [Worker-25: Updating Maven Project] INFO  o.e.m.c.i.p.ProjectConfigurationManager - Update completed: 1 sec
2022-12-01 09:44:05,045 [Worker-13: Building] WARN  o.e.m.c.i.embedder.EclipseLogger - Using platform encoding (Cp1252 actually) to copy filtered resources, i.e. build is platform dependent!
2022-12-01 09:44:05,047 [Worker-13: Building] INFO  o.e.m.c.i.embedder.EclipseLogger - skip non existing resourceDirectory D:\CODE\CNPM\SprintBacklog_SoftwareEngineer_G6\QuanLyDeTai\src\main\resources
2022-12-01 09:44:05,049 [Worker-13: Building] WARN  o.e.m.c.i.embedder.EclipseLogger - Using platform encoding (Cp1252 actually) to copy filtered resources, i.e. build is platform dependent!
2022-12-01 09:44:05,050 [Worker-13: Building] INFO  o.e.m.c.i.embedder.EclipseLogger - skip non existing resourceDirectory D:\CODE\CNPM\SprintBacklog_SoftwareEngineer_G6\QuanLyDeTai\src\test\resources
2022-12-01 09:44:05,051 [Worker-13: Building] INFO  o.e.m.w.i.f.ResourceFilteringBuildParticipant - Changed resources require a complete clean of filtered resources of QuanLyDeTai
2022-12-01 09:44:05,052 [Worker-13: Building] INFO  o.e.m.w.i.f.ResourceFilteringBuildParticipant - Executing resource filtering for QuanLyDeTai
2022-12-01 09:44:05,103 [Worker-13: Building] WARN  o.e.m.c.i.embedder.EclipseLogger - Using platform encoding (Cp1252 actually) to copy filtered resources, i.e. build is platform dependent!
2022-12-01 09:50:33,340 [Worker-0: Loading available Gradle versions] INFO  o.e.b.c.i.u.g.PublishedGradleVersions - Gradle version information cache is up-to-date. Trying to read.
2022-12-01 09:51:40,912 [Worker-14: Building] INFO  o.e.m.c.i.l.LifecycleMappingFactory - Using org.maven.ide.eclipse.wtp.WarLifecycleMapping lifecycle mapping for MavenProject: QuanLyDeTai:QuanLyDeTai:1.0 @ D:\CODE\CNPM\SprintBacklog_SoftwareEngineer_G6\QuanLyDeTai\pom.xml.
2022-12-01 09:51:41,925 [Worker-14: Building] WARN  o.e.m.c.i.embedder.EclipseLogger - Using platform encoding (Cp1252 actually) to copy filtered resources, i.e. build is platform dependent!
2022-12-01 09:51:41,926 [Worker-14: Building] INFO  o.e.m.c.i.embedder.EclipseLogger - skip non existing resourceDirectory D:\CODE\CNPM\SprintBacklog_SoftwareEngineer_G6\QuanLyDeTai\src\main\resources
2022-12-01 09:51:41,931 [Worker-14: Building] WARN  o.e.m.c.i.embedder.EclipseLogger - Using platform encoding (Cp1252 actually) to copy filtered resources, i.e. build is platform dependent!
2022-12-01 09:51:41,933 [Worker-14: Building] INFO  o.e.m.c.i.embedder.EclipseLogger - skip non existing resourceDirectory D:\CODE\CNPM\SprintBacklog_SoftwareEngineer_G6\QuanLyDeTai\src\test\resources
2022-12-01 09:51:41,936 [Worker-14: Building] INFO  o.e.m.w.i.f.ResourceFilteringBuildParticipant - Changed resources require a complete clean of filtered resources of QuanLyDeTai
2022-12-01 09:51:41,937 [Worker-14: Building] INFO  o.e.m.w.i.f.ResourceFilteringBuildParticipant - Executing resource filtering for QuanLyDeTai
2022-12-01 09:51:41,957 [Worker-14: Building] WARN  o.e.m.c.i.embedder.EclipseLogger - Using platform encoding (Cp1252 actually) to copy filtered resources, i.e. build is platform dependent!
2022-12-01 10:02:54,116 [Worker-24: Updating Maven Project] INFO  o.e.m.c.i.p.ProjectConfigurationManager - Update started
2022-12-01 10:02:54,421 [Worker-24: Updating Maven Project] INFO  o.e.m.c.i.l.LifecycleMappingFactory - Using org.maven.ide.eclipse.wtp.WarLifecycleMapping lifecycle mapping for MavenProject: QuanLyDeTai:QuanLyDeTai:1.0 @ D:\CODE\CNPM\SprintBacklog_SoftwareEngineer_G6\QuanLyDeTai\pom.xml.
2022-12-01 10:02:55,077 [Worker-24: Updating Maven Project] INFO  o.e.m.j.i.AbstractJavaProjectConfigurator - Adding source folder /QuanLyDeTai/src/main/java
2022-12-01 10:02:55,077 [Worker-24: Updating Maven Project] INFO  o.e.m.j.i.AbstractJavaProjectConfigurator - Adding source folder /QuanLyDeTai/src/test/java
2022-12-01 10:02:55,368 [Worker-24: Updating Maven Project] INFO  o.e.m.w.i.f.ResourceFilteringBuildParticipant - Cleaning filtered folder for QuanLyDeTai
2022-12-01 10:02:55,382 [Worker-24: Updating Maven Project] INFO  o.e.m.c.i.p.ProjectConfigurationManager - Update completed: 1 sec
2022-12-01 10:02:55,559 [Worker-24: Building] WARN  o.e.m.c.i.embedder.EclipseLogger - Using platform encoding (Cp1252 actually) to copy filtered resources, i.e. build is platform dependent!
2022-12-01 10:02:55,560 [Worker-24: Building] INFO  o.e.m.c.i.embedder.EclipseLogger - skip non existing resourceDirectory D:\CODE\CNPM\SprintBacklog_SoftwareEngineer_G6\QuanLyDeTai\src\main\resources
2022-12-01 10:02:55,564 [Worker-24: Building] WARN  o.e.m.c.i.embedder.EclipseLogger - Using platform encoding (Cp1252 actually) to copy filtered resources, i.e. build is platform dependent!
2022-12-01 10:02:55,565 [Worker-24: Building] INFO  o.e.m.c.i.embedder.EclipseLogger - skip non existing resourceDirectory D:\CODE\CNPM\SprintBacklog_SoftwareEngineer_G6\QuanLyDeTai\src\test\resources
2022-12-01 10:02:55,566 [Worker-24: Building] INFO  o.e.m.w.i.f.ResourceFilteringBuildParticipant - Changed resources require a complete clean of filtered resources of QuanLyDeTai
2022-12-01 10:02:55,566 [Worker-24: Building] INFO  o.e.m.w.i.f.ResourceFilteringBuildParticipant - Executing resource filtering for QuanLyDeTai
2022-12-01 10:02:55,571 [Worker-24: Building] WARN  o.e.m.c.i.embedder.EclipseLogger - Using platform encoding (Cp1252 actually) to copy filtered resources, i.e. build is platform dependent!
2022-12-01 10:03:41,763 [Worker-24: Building] WARN  o.e.m.c.i.embedder.EclipseLogger - Using platform encoding (Cp1252 actually) to copy filtered resources, i.e. build is platform dependent!
2022-12-01 10:03:41,764 [Worker-24: Building] INFO  o.e.m.c.i.embedder.EclipseLogger - skip non existing resourceDirectory D:\CODE\CNPM\SprintBacklog_SoftwareEngineer_G6\QuanLyDeTai\src\main\resources
2022-12-01 10:03:41,767 [Worker-24: Building] WARN  o.e.m.c.i.embedder.EclipseLogger - Using platform encoding (Cp1252 actually) to copy filtered resources, i.e. build is platform dependent!
2022-12-01 10:03:41,768 [Worker-24: Building] INFO  o.e.m.c.i.embedder.EclipseLogger - skip non existing resourceDirectory D:\CODE\CNPM\SprintBacklog_SoftwareEngineer_G6\QuanLyDeTai\src\test\resources
2022-12-01 10:04:03,031 [Worker-28: Building] WARN  o.e.m.c.i.embedder.EclipseLogger - Using platform encoding (Cp1252 actually) to copy filtered resources, i.e. build is platform dependent!
2022-12-01 10:04:03,033 [Worker-28: Building] INFO  o.e.m.c.i.embedder.EclipseLogger - skip non existing resourceDirectory D:\CODE\CNPM\SprintBacklog_SoftwareEngineer_G6\QuanLyDeTai\src\main\resources
2022-12-01 10:04:03,034 [Worker-28: Building] WARN  o.e.m.c.i.embedder.EclipseLogger - Using platform encoding (Cp1252 actually) to copy filtered resources, i.e. build is platform dependent!
2022-12-01 10:04:03,035 [Worker-28: Building] INFO  o.e.m.c.i.embedder.EclipseLogger - skip non existing resourceDirectory D:\CODE\CNPM\SprintBacklog_SoftwareEngineer_G6\QuanLyDeTai\src\test\resources
2022-12-01 10:07:21,503 [Worker-24: Launching DBConnection] WARN  o.e.m.c.i.embedder.EclipseLogger - Using platform encoding (Cp1252 actually) to copy filtered resources, i.e. build is platform dependent!
2022-12-01 10:07:21,504 [Worker-24: Launching DBConnection] INFO  o.e.m.c.i.embedder.EclipseLogger - skip non existing resourceDirectory D:\CODE\CNPM\SprintBacklog_SoftwareEngineer_G6\QuanLyDeTai\src\main\resources
2022-12-01 10:07:21,507 [Worker-24: Launching DBConnection] WARN  o.e.m.c.i.embedder.EclipseLogger - Using platform encoding (Cp1252 actually) to copy filtered resources, i.e. build is platform dependent!
2022-12-01 10:07:21,509 [Worker-24: Launching DBConnection] INFO  o.e.m.c.i.embedder.EclipseLogger - skip non existing resourceDirectory D:\CODE\CNPM\SprintBacklog_SoftwareEngineer_G6\QuanLyDeTai\src\test\resources
2022-12-01 10:11:53,320 [Worker-31: Building] WARN  o.e.m.c.i.embedder.EclipseLogger - Using platform encoding (Cp1252 actually) to copy filtered resources, i.e. build is platform dependent!
2022-12-01 10:11:53,321 [Worker-31: Building] INFO  o.e.m.c.i.embedder.EclipseLogger - skip non existing resourceDirectory D:\CODE\CNPM\SprintBacklog_SoftwareEngineer_G6\QuanLyDeTai\src\main\resources
2022-12-01 10:11:53,321 [Worker-31: Building] WARN  o.e.m.c.i.embedder.EclipseLogger - Using platform encoding (Cp1252 actually) to copy filtered resources, i.e. build is platform dependent!
2022-12-01 10:11:53,322 [Worker-31: Building] INFO  o.e.m.c.i.embedder.EclipseLogger - skip non existing resourceDirectory D:\CODE\CNPM\SprintBacklog_SoftwareEngineer_G6\QuanLyDeTai\src\test\resources
2022-12-01 11:16:10,454 [Worker-33: Building] WARN  o.e.m.c.i.embedder.EclipseLogger - Using platform encoding (Cp1252 actually) to copy filtered resources, i.e. build is platform dependent!
2022-12-01 11:16:10,455 [Worker-33: Building] INFO  o.e.m.c.i.embedder.EclipseLogger - skip non existing resourceDirectory D:\CODE\CNPM\SprintBacklog_SoftwareEngineer_G6\QuanLyDeTai\src\main\resources
2022-12-01 11:16:10,458 [Worker-33: Building] WARN  o.e.m.c.i.embedder.EclipseLogger - Using platform encoding (Cp1252 actually) to copy filtered resources, i.e. build is platform dependent!
2022-12-01 11:16:10,459 [Worker-33: Building] INFO  o.e.m.c.i.embedder.EclipseLogger - skip non existing resourceDirectory D:\CODE\CNPM\SprintBacklog_SoftwareEngineer_G6\QuanLyDeTai\src\test\resources
2022-12-01 12:43:10,478 [Worker-42: Building] WARN  o.e.m.c.i.embedder.EclipseLogger - Using platform encoding (Cp1252 actually) to copy filtered resources, i.e. build is platform dependent!
2022-12-01 12:43:10,479 [Worker-42: Building] INFO  o.e.m.c.i.embedder.EclipseLogger - skip non existing resourceDirectory D:\CODE\CNPM\SprintBacklog_SoftwareEngineer_G6\QuanLyDeTai\src\main\resources
2022-12-01 12:43:10,481 [Worker-42: Building] WARN  o.e.m.c.i.embedder.EclipseLogger - Using platform encoding (Cp1252 actually) to copy filtered resources, i.e. build is platform dependent!
2022-12-01 12:43:10,482 [Worker-42: Building] INFO  o.e.m.c.i.embedder.EclipseLogger - skip non existing resourceDirectory D:\CODE\CNPM\SprintBacklog_SoftwareEngineer_G6\QuanLyDeTai\src\test\resources
2022-12-01 12:43:22,970 [Worker-38: Building] WARN  o.e.m.c.i.embedder.EclipseLogger - Using platform encoding (Cp1252 actually) to copy filtered resources, i.e. build is platform dependent!
2022-12-01 12:43:22,972 [Worker-38: Building] INFO  o.e.m.c.i.embedder.EclipseLogger - skip non existing resourceDirectory D:\CODE\CNPM\SprintBacklog_SoftwareEngineer_G6\QuanLyDeTai\src\main\resources
2022-12-01 12:43:22,974 [Worker-38: Building] WARN  o.e.m.c.i.embedder.EclipseLogger - Using platform encoding (Cp1252 actually) to copy filtered resources, i.e. build is platform dependent!
2022-12-01 12:43:22,974 [Worker-38: Building] INFO  o.e.m.c.i.embedder.EclipseLogger - skip non existing resourceDirectory D:\CODE\CNPM\SprintBacklog_SoftwareEngineer_G6\QuanLyDeTai\src\test\resources
2022-12-01 12:47:05,730 [Worker-44: Building] WARN  o.e.m.c.i.embedder.EclipseLogger - Using platform encoding (Cp1252 actually) to copy filtered resources, i.e. build is platform dependent!
2022-12-01 12:47:05,731 [Worker-44: Building] INFO  o.e.m.c.i.embedder.EclipseLogger - skip non existing resourceDirectory D:\CODE\CNPM\SprintBacklog_SoftwareEngineer_G6\QuanLyDeTai\src\main\resources
2022-12-01 12:47:05,733 [Worker-44: Building] WARN  o.e.m.c.i.embedder.EclipseLogger - Using platform encoding (Cp1252 actually) to copy filtered resources, i.e. build is platform dependent!
2022-12-01 12:47:05,734 [Worker-44: Building] INFO  o.e.m.c.i.embedder.EclipseLogger - skip non existing resourceDirectory D:\CODE\CNPM\SprintBacklog_SoftwareEngineer_G6\QuanLyDeTai\src\test\resources
2022-12-01 12:47:31,256 [Worker-46: Building] WARN  o.e.m.c.i.embedder.EclipseLogger - Using platform encoding (Cp1252 actually) to copy filtered resources, i.e. build is platform dependent!
2022-12-01 12:47:31,257 [Worker-46: Building] INFO  o.e.m.c.i.embedder.EclipseLogger - skip non existing resourceDirectory D:\CODE\CNPM\SprintBacklog_SoftwareEngineer_G6\QuanLyDeTai\src\main\resources
2022-12-01 12:47:31,258 [Worker-46: Building] WARN  o.e.m.c.i.embedder.EclipseLogger - Using platform encoding (Cp1252 actually) to copy filtered resources, i.e. build is platform dependent!
2022-12-01 12:47:31,259 [Worker-46: Building] INFO  o.e.m.c.i.embedder.EclipseLogger - skip non existing resourceDirectory D:\CODE\CNPM\SprintBacklog_SoftwareEngineer_G6\QuanLyDeTai\src\test\resources
2022-12-01 12:48:13,041 [Worker-45: Building] WARN  o.e.m.c.i.embedder.EclipseLogger - Using platform encoding (Cp1252 actually) to copy filtered resources, i.e. build is platform dependent!
2022-12-01 12:48:13,042 [Worker-45: Building] INFO  o.e.m.c.i.embedder.EclipseLogger - skip non existing resourceDirectory D:\CODE\CNPM\SprintBacklog_SoftwareEngineer_G6\QuanLyDeTai\src\main\resources
2022-12-01 12:48:13,044 [Worker-45: Building] WARN  o.e.m.c.i.embedder.EclipseLogger - Using platform encoding (Cp1252 actually) to copy filtered resources, i.e. build is platform dependent!
2022-12-01 12:48:13,044 [Worker-45: Building] INFO  o.e.m.c.i.embedder.EclipseLogger - skip non existing resourceDirectory D:\CODE\CNPM\SprintBacklog_SoftwareEngineer_G6\QuanLyDeTai\src\test\resources
2022-12-01 13:02:28,504 [Worker-44: Building] WARN  o.e.m.c.i.embedder.EclipseLogger - Using platform encoding (Cp1252 actually) to copy filtered resources, i.e. build is platform dependent!
2022-12-01 13:02:28,505 [Worker-44: Building] INFO  o.e.m.c.i.embedder.EclipseLogger - skip non existing resourceDirectory D:\CODE\CNPM\SprintBacklog_SoftwareEngineer_G6\QuanLyDeTai\src\main\resources
2022-12-01 13:02:28,506 [Worker-44: Building] WARN  o.e.m.c.i.embedder.EclipseLogger - Using platform encoding (Cp1252 actually) to copy filtered resources, i.e. build is platform dependent!
2022-12-01 13:02:28,506 [Worker-44: Building] INFO  o.e.m.c.i.embedder.EclipseLogger - skip non existing resourceDirectory D:\CODE\CNPM\SprintBacklog_SoftwareEngineer_G6\QuanLyDeTai\src\test\resources
2022-12-01 13:16:27,625 [Worker-57: Building] WARN  o.e.m.c.i.embedder.EclipseLogger - Using platform encoding (Cp1252 actually) to copy filtered resources, i.e. build is platform dependent!
2022-12-01 13:16:27,626 [Worker-57: Building] INFO  o.e.m.c.i.embedder.EclipseLogger - skip non existing resourceDirectory D:\CODE\CNPM\SprintBacklog_SoftwareEngineer_G6\QuanLyDeTai\src\main\resources
2022-12-01 13:16:27,627 [Worker-57: Building] WARN  o.e.m.c.i.embedder.EclipseLogger - Using platform encoding (Cp1252 actually) to copy filtered resources, i.e. build is platform dependent!
2022-12-01 13:16:27,627 [Worker-57: Building] INFO  o.e.m.c.i.embedder.EclipseLogger - skip non existing resourceDirectory D:\CODE\CNPM\SprintBacklog_SoftwareEngineer_G6\QuanLyDeTai\src\test\resources
2022-12-01 13:16:55,464 [Worker-55: Building] WARN  o.e.m.c.i.embedder.EclipseLogger - Using platform encoding (Cp1252 actually) to copy filtered resources, i.e. build is platform dependent!
2022-12-01 13:16:55,465 [Worker-55: Building] INFO  o.e.m.c.i.embedder.EclipseLogger - skip non existing resourceDirectory D:\CODE\CNPM\SprintBacklog_SoftwareEngineer_G6\QuanLyDeTai\src\main\resources
2022-12-01 13:16:55,467 [Worker-55: Building] WARN  o.e.m.c.i.embedder.EclipseLogger - Using platform encoding (Cp1252 actually) to copy filtered resources, i.e. build is platform dependent!
2022-12-01 13:16:55,468 [Worker-55: Building] INFO  o.e.m.c.i.embedder.EclipseLogger - skip non existing resourceDirectory D:\CODE\CNPM\SprintBacklog_SoftwareEngineer_G6\QuanLyDeTai\src\test\resources
2022-12-01 13:17:09,702 [Worker-58: Building] WARN  o.e.m.c.i.embedder.EclipseLogger - Using platform encoding (Cp1252 actually) to copy filtered resources, i.e. build is platform dependent!
2022-12-01 13:17:09,703 [Worker-58: Building] INFO  o.e.m.c.i.embedder.EclipseLogger - skip non existing resourceDirectory D:\CODE\CNPM\SprintBacklog_SoftwareEngineer_G6\QuanLyDeTai\src\main\resources
2022-12-01 13:17:09,704 [Worker-58: Building] WARN  o.e.m.c.i.embedder.EclipseLogger - Using platform encoding (Cp1252 actually) to copy filtered resources, i.e. build is platform dependent!
2022-12-01 13:17:09,705 [Worker-58: Building] INFO  o.e.m.c.i.embedder.EclipseLogger - skip non existing resourceDirectory D:\CODE\CNPM\SprintBacklog_SoftwareEngineer_G6\QuanLyDeTai\src\test\resources
2022-12-01 13:17:35,155 [Worker-57: Building] WARN  o.e.m.c.i.embedder.EclipseLogger - Using platform encoding (Cp1252 actually) to copy filtered resources, i.e. build is platform dependent!
2022-12-01 13:17:35,156 [Worker-57: Building] INFO  o.e.m.c.i.embedder.EclipseLogger - skip non existing resourceDirectory D:\CODE\CNPM\SprintBacklog_SoftwareEngineer_G6\QuanLyDeTai\src\main\resources
2022-12-01 13:17:35,157 [Worker-57: Building] WARN  o.e.m.c.i.embedder.EclipseLogger - Using platform encoding (Cp1252 actually) to copy filtered resources, i.e. build is platform dependent!
2022-12-01 13:17:35,158 [Worker-57: Building] INFO  o.e.m.c.i.embedder.EclipseLogger - skip non existing resourceDirectory D:\CODE\CNPM\SprintBacklog_SoftwareEngineer_G6\QuanLyDeTai\src\test\resources
2022-12-01 13:17:47,778 [Worker-55: Building] WARN  o.e.m.c.i.embedder.EclipseLogger - Using platform encoding (Cp1252 actually) to copy filtered resources, i.e. build is platform dependent!
2022-12-01 13:17:47,778 [Worker-55: Building] INFO  o.e.m.c.i.embedder.EclipseLogger - skip non existing resourceDirectory D:\CODE\CNPM\SprintBacklog_SoftwareEngineer_G6\QuanLyDeTai\src\main\resources
2022-12-01 13:17:47,779 [Worker-55: Building] WARN  o.e.m.c.i.embedder.EclipseLogger - Using platform encoding (Cp1252 actually) to copy filtered resources, i.e. build is platform dependent!
2022-12-01 13:17:47,779 [Worker-55: Building] INFO  o.e.m.c.i.embedder.EclipseLogger - skip non existing resourceDirectory D:\CODE\CNPM\SprintBacklog_SoftwareEngineer_G6\QuanLyDeTai\src\test\resources
2022-12-01 13:18:06,155 [Worker-58: Building] WARN  o.e.m.c.i.embedder.EclipseLogger - Using platform encoding (Cp1252 actually) to copy filtered resources, i.e. build is platform dependent!
2022-12-01 13:18:06,155 [Worker-58: Building] INFO  o.e.m.c.i.embedder.EclipseLogger - skip non existing resourceDirectory D:\CODE\CNPM\SprintBacklog_SoftwareEngineer_G6\QuanLyDeTai\src\main\resources
2022-12-01 13:18:06,157 [Worker-58: Building] WARN  o.e.m.c.i.embedder.EclipseLogger - Using platform encoding (Cp1252 actually) to copy filtered resources, i.e. build is platform dependent!
2022-12-01 13:18:06,158 [Worker-58: Building] INFO  o.e.m.c.i.embedder.EclipseLogger - skip non existing resourceDirectory D:\CODE\CNPM\SprintBacklog_SoftwareEngineer_G6\QuanLyDeTai\src\test\resources
2022-12-01 13:19:46,721 [Worker-55: Building] WARN  o.e.m.c.i.embedder.EclipseLogger - Using platform encoding (Cp1252 actually) to copy filtered resources, i.e. build is platform dependent!
2022-12-01 13:19:46,722 [Worker-55: Building] INFO  o.e.m.c.i.embedder.EclipseLogger - skip non existing resourceDirectory D:\CODE\CNPM\SprintBacklog_SoftwareEngineer_G6\QuanLyDeTai\src\main\resources
2022-12-01 13:19:46,723 [Worker-55: Building] WARN  o.e.m.c.i.embedder.EclipseLogger - Using platform encoding (Cp1252 actually) to copy filtered resources, i.e. build is platform dependent!
2022-12-01 13:19:46,724 [Worker-55: Building] INFO  o.e.m.c.i.embedder.EclipseLogger - skip non existing resourceDirectory D:\CODE\CNPM\SprintBacklog_SoftwareEngineer_G6\QuanLyDeTai\src\test\resources
2022-12-01 13:20:05,278 [Worker-56: Building] WARN  o.e.m.c.i.embedder.EclipseLogger - Using platform encoding (Cp1252 actually) to copy filtered resources, i.e. build is platform dependent!
2022-12-01 13:20:05,278 [Worker-56: Building] INFO  o.e.m.c.i.embedder.EclipseLogger - skip non existing resourceDirectory D:\CODE\CNPM\SprintBacklog_SoftwareEngineer_G6\QuanLyDeTai\src\main\resources
2022-12-01 13:20:05,280 [Worker-56: Building] WARN  o.e.m.c.i.embedder.EclipseLogger - Using platform encoding (Cp1252 actually) to copy filtered resources, i.e. build is platform dependent!
2022-12-01 13:20:05,280 [Worker-56: Building] INFO  o.e.m.c.i.embedder.EclipseLogger - skip non existing resourceDirectory D:\CODE\CNPM\SprintBacklog_SoftwareEngineer_G6\QuanLyDeTai\src\test\resources
2022-12-01 13:22:26,241 [Worker-60: Building] WARN  o.e.m.c.i.embedder.EclipseLogger - Using platform encoding (Cp1252 actually) to copy filtered resources, i.e. build is platform dependent!
2022-12-01 13:22:26,242 [Worker-60: Building] INFO  o.e.m.c.i.embedder.EclipseLogger - skip non existing resourceDirectory D:\CODE\CNPM\SprintBacklog_SoftwareEngineer_G6\QuanLyDeTai\src\main\resources
2022-12-01 13:22:26,243 [Worker-60: Building] WARN  o.e.m.c.i.embedder.EclipseLogger - Using platform encoding (Cp1252 actually) to copy filtered resources, i.e. build is platform dependent!
2022-12-01 13:22:26,245 [Worker-60: Building] INFO  o.e.m.c.i.embedder.EclipseLogger - skip non existing resourceDirectory D:\CODE\CNPM\SprintBacklog_SoftwareEngineer_G6\QuanLyDeTai\src\test\resources
2022-12-01 13:22:38,598 [Worker-60: Building] WARN  o.e.m.c.i.embedder.EclipseLogger - Using platform encoding (Cp1252 actually) to copy filtered resources, i.e. build is platform dependent!
2022-12-01 13:22:38,599 [Worker-60: Building] INFO  o.e.m.c.i.embedder.EclipseLogger - skip non existing resourceDirectory D:\CODE\CNPM\SprintBacklog_SoftwareEngineer_G6\QuanLyDeTai\src\main\resources
2022-12-01 13:22:38,600 [Worker-60: Building] WARN  o.e.m.c.i.embedder.EclipseLogger - Using platform encoding (Cp1252 actually) to copy filtered resources, i.e. build is platform dependent!
2022-12-01 13:22:38,601 [Worker-60: Building] INFO  o.e.m.c.i.embedder.EclipseLogger - skip non existing resourceDirectory D:\CODE\CNPM\SprintBacklog_SoftwareEngineer_G6\QuanLyDeTai\src\test\resources
2022-12-01 13:22:53,839 [Worker-55: Building] WARN  o.e.m.c.i.embedder.EclipseLogger - Using platform encoding (Cp1252 actually) to copy filtered resources, i.e. build is platform dependent!
2022-12-01 13:22:53,840 [Worker-55: Building] INFO  o.e.m.c.i.embedder.EclipseLogger - skip non existing resourceDirectory D:\CODE\CNPM\SprintBacklog_SoftwareEngineer_G6\QuanLyDeTai\src\main\resources
2022-12-01 13:22:53,841 [Worker-55: Building] WARN  o.e.m.c.i.embedder.EclipseLogger - Using platform encoding (Cp1252 actually) to copy filtered resources, i.e. build is platform dependent!
2022-12-01 13:22:53,841 [Worker-55: Building] INFO  o.e.m.c.i.embedder.EclipseLogger - skip non existing resourceDirectory D:\CODE\CNPM\SprintBacklog_SoftwareEngineer_G6\QuanLyDeTai\src\test\resources
2022-12-01 13:23:14,105 [Worker-62: Building] WARN  o.e.m.c.i.embedder.EclipseLogger - Using platform encoding (Cp1252 actually) to copy filtered resources, i.e. build is platform dependent!
2022-12-01 13:23:14,106 [Worker-62: Building] INFO  o.e.m.c.i.embedder.EclipseLogger - skip non existing resourceDirectory D:\CODE\CNPM\SprintBacklog_SoftwareEngineer_G6\QuanLyDeTai\src\main\resources
2022-12-01 13:23:14,107 [Worker-62: Building] WARN  o.e.m.c.i.embedder.EclipseLogger - Using platform encoding (Cp1252 actually) to copy filtered resources, i.e. build is platform dependent!
2022-12-01 13:23:14,108 [Worker-62: Building] INFO  o.e.m.c.i.embedder.EclipseLogger - skip non existing resourceDirectory D:\CODE\CNPM\SprintBacklog_SoftwareEngineer_G6\QuanLyDeTai\src\test\resources
2022-12-01 13:23:41,692 [Worker-57: Building] WARN  o.e.m.c.i.embedder.EclipseLogger - Using platform encoding (Cp1252 actually) to copy filtered resources, i.e. build is platform dependent!
2022-12-01 13:23:41,693 [Worker-57: Building] INFO  o.e.m.c.i.embedder.EclipseLogger - skip non existing resourceDirectory D:\CODE\CNPM\SprintBacklog_SoftwareEngineer_G6\QuanLyDeTai\src\main\resources
2022-12-01 13:23:41,694 [Worker-57: Building] WARN  o.e.m.c.i.embedder.EclipseLogger - Using platform encoding (Cp1252 actually) to copy filtered resources, i.e. build is platform dependent!
2022-12-01 13:23:41,695 [Worker-57: Building] INFO  o.e.m.c.i.embedder.EclipseLogger - skip non existing resourceDirectory D:\CODE\CNPM\SprintBacklog_SoftwareEngineer_G6\QuanLyDeTai\src\test\resources
2022-12-01 13:24:14,984 [Worker-60: Building] WARN  o.e.m.c.i.embedder.EclipseLogger - Using platform encoding (Cp1252 actually) to copy filtered resources, i.e. build is platform dependent!
2022-12-01 13:24:14,985 [Worker-60: Building] INFO  o.e.m.c.i.embedder.EclipseLogger - skip non existing resourceDirectory D:\CODE\CNPM\SprintBacklog_SoftwareEngineer_G6\QuanLyDeTai\src\main\resources
2022-12-01 13:24:14,987 [Worker-60: Building] WARN  o.e.m.c.i.embedder.EclipseLogger - Using platform encoding (Cp1252 actually) to copy filtered resources, i.e. build is platform dependent!
2022-12-01 13:24:14,988 [Worker-60: Building] INFO  o.e.m.c.i.embedder.EclipseLogger - skip non existing resourceDirectory D:\CODE\CNPM\SprintBacklog_SoftwareEngineer_G6\QuanLyDeTai\src\test\resources
2022-12-01 13:24:22,357 [Worker-62: Building] WARN  o.e.m.c.i.embedder.EclipseLogger - Using platform encoding (Cp1252 actually) to copy filtered resources, i.e. build is platform dependent!
2022-12-01 13:24:22,358 [Worker-62: Building] INFO  o.e.m.c.i.embedder.EclipseLogger - skip non existing resourceDirectory D:\CODE\CNPM\SprintBacklog_SoftwareEngineer_G6\QuanLyDeTai\src\main\resources
2022-12-01 13:24:22,359 [Worker-62: Building] WARN  o.e.m.c.i.embedder.EclipseLogger - Using platform encoding (Cp1252 actually) to copy filtered resources, i.e. build is platform dependent!
2022-12-01 13:24:22,359 [Worker-62: Building] INFO  o.e.m.c.i.embedder.EclipseLogger - skip non existing resourceDirectory D:\CODE\CNPM\SprintBacklog_SoftwareEngineer_G6\QuanLyDeTai\src\test\resources
2022-12-01 13:26:09,222 [Worker-55: Building] WARN  o.e.m.c.i.embedder.EclipseLogger - Using platform encoding (Cp1252 actually) to copy filtered resources, i.e. build is platform dependent!
2022-12-01 13:26:09,222 [Worker-55: Building] INFO  o.e.m.c.i.embedder.EclipseLogger - skip non existing resourceDirectory D:\CODE\CNPM\SprintBacklog_SoftwareEngineer_G6\QuanLyDeTai\src\main\resources
2022-12-01 13:26:09,223 [Worker-55: Building] WARN  o.e.m.c.i.embedder.EclipseLogger - Using platform encoding (Cp1252 actually) to copy filtered resources, i.e. build is platform dependent!
2022-12-01 13:26:09,224 [Worker-55: Building] INFO  o.e.m.c.i.embedder.EclipseLogger - skip non existing resourceDirectory D:\CODE\CNPM\SprintBacklog_SoftwareEngineer_G6\QuanLyDeTai\src\test\resources
2022-12-01 13:26:15,571 [Worker-63: Building] WARN  o.e.m.c.i.embedder.EclipseLogger - Using platform encoding (Cp1252 actually) to copy filtered resources, i.e. build is platform dependent!
2022-12-01 13:26:15,572 [Worker-63: Building] INFO  o.e.m.c.i.embedder.EclipseLogger - skip non existing resourceDirectory D:\CODE\CNPM\SprintBacklog_SoftwareEngineer_G6\QuanLyDeTai\src\main\resources
2022-12-01 13:26:15,572 [Worker-63: Building] WARN  o.e.m.c.i.embedder.EclipseLogger - Using platform encoding (Cp1252 actually) to copy filtered resources, i.e. build is platform dependent!
2022-12-01 13:26:15,573 [Worker-63: Building] INFO  o.e.m.c.i.embedder.EclipseLogger - skip non existing resourceDirectory D:\CODE\CNPM\SprintBacklog_SoftwareEngineer_G6\QuanLyDeTai\src\test\resources
2022-12-01 13:26:18,617 [Worker-64: Building] WARN  o.e.m.c.i.embedder.EclipseLogger - Using platform encoding (Cp1252 actually) to copy filtered resources, i.e. build is platform dependent!
2022-12-01 13:26:18,618 [Worker-64: Building] INFO  o.e.m.c.i.embedder.EclipseLogger - skip non existing resourceDirectory D:\CODE\CNPM\SprintBacklog_SoftwareEngineer_G6\QuanLyDeTai\src\main\resources
2022-12-01 13:26:18,619 [Worker-64: Building] WARN  o.e.m.c.i.embedder.EclipseLogger - Using platform encoding (Cp1252 actually) to copy filtered resources, i.e. build is platform dependent!
2022-12-01 13:26:18,620 [Worker-64: Building] INFO  o.e.m.c.i.embedder.EclipseLogger - skip non existing resourceDirectory D:\CODE\CNPM\SprintBacklog_SoftwareEngineer_G6\QuanLyDeTai\src\test\resources
2022-12-01 13:26:29,469 [Worker-65: Building] WARN  o.e.m.c.i.embedder.EclipseLogger - Using platform encoding (Cp1252 actually) to copy filtered resources, i.e. build is platform dependent!
2022-12-01 13:26:29,470 [Worker-65: Building] INFO  o.e.m.c.i.embedder.EclipseLogger - skip non existing resourceDirectory D:\CODE\CNPM\SprintBacklog_SoftwareEngineer_G6\QuanLyDeTai\src\main\resources
2022-12-01 13:26:29,471 [Worker-65: Building] WARN  o.e.m.c.i.embedder.EclipseLogger - Using platform encoding (Cp1252 actually) to copy filtered resources, i.e. build is platform dependent!
2022-12-01 13:26:29,471 [Worker-65: Building] INFO  o.e.m.c.i.embedder.EclipseLogger - skip non existing resourceDirectory D:\CODE\CNPM\SprintBacklog_SoftwareEngineer_G6\QuanLyDeTai\src\test\resources
2022-12-01 13:26:42,094 [Worker-63: Building] WARN  o.e.m.c.i.embedder.EclipseLogger - Using platform encoding (Cp1252 actually) to copy filtered resources, i.e. build is platform dependent!
2022-12-01 13:26:42,095 [Worker-63: Building] INFO  o.e.m.c.i.embedder.EclipseLogger - skip non existing resourceDirectory D:\CODE\CNPM\SprintBacklog_SoftwareEngineer_G6\QuanLyDeTai\src\main\resources
2022-12-01 13:26:42,095 [Worker-63: Building] WARN  o.e.m.c.i.embedder.EclipseLogger - Using platform encoding (Cp1252 actually) to copy filtered resources, i.e. build is platform dependent!
2022-12-01 13:26:42,096 [Worker-63: Building] INFO  o.e.m.c.i.embedder.EclipseLogger - skip non existing resourceDirectory D:\CODE\CNPM\SprintBacklog_SoftwareEngineer_G6\QuanLyDeTai\src\test\resources
2022-12-01 13:29:33,142 [Worker-64: Building] WARN  o.e.m.c.i.embedder.EclipseLogger - Using platform encoding (Cp1252 actually) to copy filtered resources, i.e. build is platform dependent!
2022-12-01 13:29:33,143 [Worker-64: Building] INFO  o.e.m.c.i.embedder.EclipseLogger - skip non existing resourceDirectory D:\CODE\CNPM\SprintBacklog_SoftwareEngineer_G6\QuanLyDeTai\src\main\resources
2022-12-01 13:29:33,144 [Worker-64: Building] WARN  o.e.m.c.i.embedder.EclipseLogger - Using platform encoding (Cp1252 actually) to copy filtered resources, i.e. build is platform dependent!
2022-12-01 13:29:33,144 [Worker-64: Building] INFO  o.e.m.c.i.embedder.EclipseLogger - skip non existing resourceDirectory D:\CODE\CNPM\SprintBacklog_SoftwareEngineer_G6\QuanLyDeTai\src\test\resources
2022-12-01 13:34:29,647 [Worker-67: Building] WARN  o.e.m.c.i.embedder.EclipseLogger - Using platform encoding (Cp1252 actually) to copy filtered resources, i.e. build is platform dependent!
2022-12-01 13:34:29,648 [Worker-67: Building] INFO  o.e.m.c.i.embedder.EclipseLogger - skip non existing resourceDirectory D:\CODE\CNPM\SprintBacklog_SoftwareEngineer_G6\QuanLyDeTai\src\main\resources
2022-12-01 13:34:29,649 [Worker-67: Building] WARN  o.e.m.c.i.embedder.EclipseLogger - Using platform encoding (Cp1252 actually) to copy filtered resources, i.e. build is platform dependent!
2022-12-01 13:34:29,650 [Worker-67: Building] INFO  o.e.m.c.i.embedder.EclipseLogger - skip non existing resourceDirectory D:\CODE\CNPM\SprintBacklog_SoftwareEngineer_G6\QuanLyDeTai\src\test\resources
2022-12-01 13:34:45,989 [Worker-67: Building] WARN  o.e.m.c.i.embedder.EclipseLogger - Using platform encoding (Cp1252 actually) to copy filtered resources, i.e. build is platform dependent!
2022-12-01 13:34:45,990 [Worker-67: Building] INFO  o.e.m.c.i.embedder.EclipseLogger - skip non existing resourceDirectory D:\CODE\CNPM\SprintBacklog_SoftwareEngineer_G6\QuanLyDeTai\src\main\resources
2022-12-01 13:34:45,991 [Worker-67: Building] WARN  o.e.m.c.i.embedder.EclipseLogger - Using platform encoding (Cp1252 actually) to copy filtered resources, i.e. build is platform dependent!
2022-12-01 13:34:45,992 [Worker-67: Building] INFO  o.e.m.c.i.embedder.EclipseLogger - skip non existing resourceDirectory D:\CODE\CNPM\SprintBacklog_SoftwareEngineer_G6\QuanLyDeTai\src\test\resources
2022-12-01 14:04:03,505 [Worker-73: Building] WARN  o.e.m.c.i.embedder.EclipseLogger - Using platform encoding (Cp1252 actually) to copy filtered resources, i.e. build is platform dependent!
2022-12-01 14:04:03,506 [Worker-73: Building] INFO  o.e.m.c.i.embedder.EclipseLogger - skip non existing resourceDirectory D:\CODE\CNPM\SprintBacklog_SoftwareEngineer_G6\QuanLyDeTai\src\main\resources
2022-12-01 14:04:03,507 [Worker-73: Building] WARN  o.e.m.c.i.embedder.EclipseLogger - Using platform encoding (Cp1252 actually) to copy filtered resources, i.e. build is platform dependent!
2022-12-01 14:04:03,507 [Worker-73: Building] INFO  o.e.m.c.i.embedder.EclipseLogger - skip non existing resourceDirectory D:\CODE\CNPM\SprintBacklog_SoftwareEngineer_G6\QuanLyDeTai\src\test\resources
2022-12-01 14:04:19,690 [Worker-74: Building] WARN  o.e.m.c.i.embedder.EclipseLogger - Using platform encoding (Cp1252 actually) to copy filtered resources, i.e. build is platform dependent!
2022-12-01 14:04:19,691 [Worker-74: Building] INFO  o.e.m.c.i.embedder.EclipseLogger - skip non existing resourceDirectory D:\CODE\CNPM\SprintBacklog_SoftwareEngineer_G6\QuanLyDeTai\src\main\resources
2022-12-01 14:04:19,692 [Worker-74: Building] WARN  o.e.m.c.i.embedder.EclipseLogger - Using platform encoding (Cp1252 actually) to copy filtered resources, i.e. build is platform dependent!
2022-12-01 14:04:19,693 [Worker-74: Building] INFO  o.e.m.c.i.embedder.EclipseLogger - skip non existing resourceDirectory D:\CODE\CNPM\SprintBacklog_SoftwareEngineer_G6\QuanLyDeTai\src\test\resources
2022-12-01 14:05:09,538 [Worker-76: Building] WARN  o.e.m.c.i.embedder.EclipseLogger - Using platform encoding (Cp1252 actually) to copy filtered resources, i.e. build is platform dependent!
2022-12-01 14:05:09,539 [Worker-76: Building] INFO  o.e.m.c.i.embedder.EclipseLogger - skip non existing resourceDirectory D:\CODE\CNPM\SprintBacklog_SoftwareEngineer_G6\QuanLyDeTai\src\main\resources
2022-12-01 14:05:09,540 [Worker-76: Building] WARN  o.e.m.c.i.embedder.EclipseLogger - Using platform encoding (Cp1252 actually) to copy filtered resources, i.e. build is platform dependent!
2022-12-01 14:05:09,541 [Worker-76: Building] INFO  o.e.m.c.i.embedder.EclipseLogger - skip non existing resourceDirectory D:\CODE\CNPM\SprintBacklog_SoftwareEngineer_G6\QuanLyDeTai\src\test\resources
2022-12-01 14:05:16,267 [Worker-75: Building] WARN  o.e.m.c.i.embedder.EclipseLogger - Using platform encoding (Cp1252 actually) to copy filtered resources, i.e. build is platform dependent!
2022-12-01 14:05:16,268 [Worker-75: Building] INFO  o.e.m.c.i.embedder.EclipseLogger - skip non existing resourceDirectory D:\CODE\CNPM\SprintBacklog_SoftwareEngineer_G6\QuanLyDeTai\src\main\resources
2022-12-01 14:05:16,269 [Worker-75: Building] WARN  o.e.m.c.i.embedder.EclipseLogger - Using platform encoding (Cp1252 actually) to copy filtered resources, i.e. build is platform dependent!
2022-12-01 14:05:16,270 [Worker-75: Building] INFO  o.e.m.c.i.embedder.EclipseLogger - skip non existing resourceDirectory D:\CODE\CNPM\SprintBacklog_SoftwareEngineer_G6\QuanLyDeTai\src\test\resources
2022-12-01 14:06:07,065 [Worker-73: Building] WARN  o.e.m.c.i.embedder.EclipseLogger - Using platform encoding (Cp1252 actually) to copy filtered resources, i.e. build is platform dependent!
2022-12-01 14:06:07,065 [Worker-73: Building] INFO  o.e.m.c.i.embedder.EclipseLogger - skip non existing resourceDirectory D:\CODE\CNPM\SprintBacklog_SoftwareEngineer_G6\QuanLyDeTai\src\main\resources
2022-12-01 14:06:07,066 [Worker-73: Building] WARN  o.e.m.c.i.embedder.EclipseLogger - Using platform encoding (Cp1252 actually) to copy filtered resources, i.e. build is platform dependent!
2022-12-01 14:06:07,067 [Worker-73: Building] INFO  o.e.m.c.i.embedder.EclipseLogger - skip non existing resourceDirectory D:\CODE\CNPM\SprintBacklog_SoftwareEngineer_G6\QuanLyDeTai\src\test\resources
2022-12-01 14:07:43,910 [Worker-77: Building] WARN  o.e.m.c.i.embedder.EclipseLogger - Using platform encoding (Cp1252 actually) to copy filtered resources, i.e. build is platform dependent!
2022-12-01 14:07:43,911 [Worker-77: Building] INFO  o.e.m.c.i.embedder.EclipseLogger - skip non existing resourceDirectory D:\CODE\CNPM\SprintBacklog_SoftwareEngineer_G6\QuanLyDeTai\src\main\resources
2022-12-01 14:07:43,912 [Worker-77: Building] WARN  o.e.m.c.i.embedder.EclipseLogger - Using platform encoding (Cp1252 actually) to copy filtered resources, i.e. build is platform dependent!
2022-12-01 14:07:43,912 [Worker-77: Building] INFO  o.e.m.c.i.embedder.EclipseLogger - skip non existing resourceDirectory D:\CODE\CNPM\SprintBacklog_SoftwareEngineer_G6\QuanLyDeTai\src\test\resources
2022-12-01 14:09:29,298 [Worker-78: Building] WARN  o.e.m.c.i.embedder.EclipseLogger - Using platform encoding (Cp1252 actually) to copy filtered resources, i.e. build is platform dependent!
2022-12-01 14:09:29,299 [Worker-78: Building] INFO  o.e.m.c.i.embedder.EclipseLogger - skip non existing resourceDirectory D:\CODE\CNPM\SprintBacklog_SoftwareEngineer_G6\QuanLyDeTai\src\main\resources
2022-12-01 14:09:29,300 [Worker-78: Building] WARN  o.e.m.c.i.embedder.EclipseLogger - Using platform encoding (Cp1252 actually) to copy filtered resources, i.e. build is platform dependent!
2022-12-01 14:09:29,301 [Worker-78: Building] INFO  o.e.m.c.i.embedder.EclipseLogger - skip non existing resourceDirectory D:\CODE\CNPM\SprintBacklog_SoftwareEngineer_G6\QuanLyDeTai\src\test\resources
2022-12-01 14:11:33,334 [Worker-78: Building] WARN  o.e.m.c.i.embedder.EclipseLogger - Using platform encoding (Cp1252 actually) to copy filtered resources, i.e. build is platform dependent!
2022-12-01 14:11:33,335 [Worker-78: Building] INFO  o.e.m.c.i.embedder.EclipseLogger - skip non existing resourceDirectory D:\CODE\CNPM\SprintBacklog_SoftwareEngineer_G6\QuanLyDeTai\src\main\resources
2022-12-01 14:11:33,335 [Worker-78: Building] WARN  o.e.m.c.i.embedder.EclipseLogger - Using platform encoding (Cp1252 actually) to copy filtered resources, i.e. build is platform dependent!
2022-12-01 14:11:33,336 [Worker-78: Building] INFO  o.e.m.c.i.embedder.EclipseLogger - skip non existing resourceDirectory D:\CODE\CNPM\SprintBacklog_SoftwareEngineer_G6\QuanLyDeTai\src\test\resources
2022-12-01 14:12:02,376 [Worker-75: Building] WARN  o.e.m.c.i.embedder.EclipseLogger - Using platform encoding (Cp1252 actually) to copy filtered resources, i.e. build is platform dependent!
2022-12-01 14:12:02,376 [Worker-75: Building] INFO  o.e.m.c.i.embedder.EclipseLogger - skip non existing resourceDirectory D:\CODE\CNPM\SprintBacklog_SoftwareEngineer_G6\QuanLyDeTai\src\main\resources
2022-12-01 14:12:02,378 [Worker-75: Building] WARN  o.e.m.c.i.embedder.EclipseLogger - Using platform encoding (Cp1252 actually) to copy filtered resources, i.e. build is platform dependent!
2022-12-01 14:12:02,378 [Worker-75: Building] INFO  o.e.m.c.i.embedder.EclipseLogger - skip non existing resourceDirectory D:\CODE\CNPM\SprintBacklog_SoftwareEngineer_G6\QuanLyDeTai\src\test\resources
2022-12-01 14:12:19,943 [Worker-80: Building] WARN  o.e.m.c.i.embedder.EclipseLogger - Using platform encoding (Cp1252 actually) to copy filtered resources, i.e. build is platform dependent!
2022-12-01 14:12:19,945 [Worker-80: Building] INFO  o.e.m.c.i.embedder.EclipseLogger - skip non existing resourceDirectory D:\CODE\CNPM\SprintBacklog_SoftwareEngineer_G6\QuanLyDeTai\src\main\resources
2022-12-01 14:12:19,945 [Worker-80: Building] WARN  o.e.m.c.i.embedder.EclipseLogger - Using platform encoding (Cp1252 actually) to copy filtered resources, i.e. build is platform dependent!
2022-12-01 14:12:19,946 [Worker-80: Building] INFO  o.e.m.c.i.embedder.EclipseLogger - skip non existing resourceDirectory D:\CODE\CNPM\SprintBacklog_SoftwareEngineer_G6\QuanLyDeTai\src\test\resources
2022-12-01 14:14:56,321 [Worker-82: Building] WARN  o.e.m.c.i.embedder.EclipseLogger - Using platform encoding (Cp1252 actually) to copy filtered resources, i.e. build is platform dependent!
2022-12-01 14:14:56,322 [Worker-82: Building] INFO  o.e.m.c.i.embedder.EclipseLogger - skip non existing resourceDirectory D:\CODE\CNPM\SprintBacklog_SoftwareEngineer_G6\QuanLyDeTai\src\main\resources
2022-12-01 14:14:56,322 [Worker-82: Building] WARN  o.e.m.c.i.embedder.EclipseLogger - Using platform encoding (Cp1252 actually) to copy filtered resources, i.e. build is platform dependent!
2022-12-01 14:14:56,323 [Worker-82: Building] INFO  o.e.m.c.i.embedder.EclipseLogger - skip non existing resourceDirectory D:\CODE\CNPM\SprintBacklog_SoftwareEngineer_G6\QuanLyDeTai\src\test\resources
2022-12-01 14:16:11,266 [Worker-80: Building] WARN  o.e.m.c.i.embedder.EclipseLogger - Using platform encoding (Cp1252 actually) to copy filtered resources, i.e. build is platform dependent!
2022-12-01 14:16:11,267 [Worker-80: Building] INFO  o.e.m.c.i.embedder.EclipseLogger - skip non existing resourceDirectory D:\CODE\CNPM\SprintBacklog_SoftwareEngineer_G6\QuanLyDeTai\src\main\resources
2022-12-01 14:16:11,268 [Worker-80: Building] WARN  o.e.m.c.i.embedder.EclipseLogger - Using platform encoding (Cp1252 actually) to copy filtered resources, i.e. build is platform dependent!
2022-12-01 14:16:11,269 [Worker-80: Building] INFO  o.e.m.c.i.embedder.EclipseLogger - skip non existing resourceDirectory D:\CODE\CNPM\SprintBacklog_SoftwareEngineer_G6\QuanLyDeTai\src\test\resources
2022-12-01 14:18:05,051 [Worker-84: Building] WARN  o.e.m.c.i.embedder.EclipseLogger - Using platform encoding (Cp1252 actually) to copy filtered resources, i.e. build is platform dependent!
2022-12-01 14:18:05,052 [Worker-84: Building] INFO  o.e.m.c.i.embedder.EclipseLogger - skip non existing resourceDirectory D:\CODE\CNPM\SprintBacklog_SoftwareEngineer_G6\QuanLyDeTai\src\main\resources
2022-12-01 14:18:05,053 [Worker-84: Building] WARN  o.e.m.c.i.embedder.EclipseLogger - Using platform encoding (Cp1252 actually) to copy filtered resources, i.e. build is platform dependent!
2022-12-01 14:18:05,054 [Worker-84: Building] INFO  o.e.m.c.i.embedder.EclipseLogger - skip non existing resourceDirectory D:\CODE\CNPM\SprintBacklog_SoftwareEngineer_G6\QuanLyDeTai\src\test\resources
2022-12-01 14:21:02,320 [Worker-78: Building] WARN  o.e.m.c.i.embedder.EclipseLogger - Using platform encoding (Cp1252 actually) to copy filtered resources, i.e. build is platform dependent!
2022-12-01 14:21:02,321 [Worker-78: Building] INFO  o.e.m.c.i.embedder.EclipseLogger - skip non existing resourceDirectory D:\CODE\CNPM\SprintBacklog_SoftwareEngineer_G6\QuanLyDeTai\src\main\resources
2022-12-01 14:21:02,322 [Worker-78: Building] WARN  o.e.m.c.i.embedder.EclipseLogger - Using platform encoding (Cp1252 actually) to copy filtered resources, i.e. build is platform dependent!
2022-12-01 14:21:02,323 [Worker-78: Building] INFO  o.e.m.c.i.embedder.EclipseLogger - skip non existing resourceDirectory D:\CODE\CNPM\SprintBacklog_SoftwareEngineer_G6\QuanLyDeTai\src\test\resources
2022-12-01 14:55:51,947 [Worker-93: Building] WARN  o.e.m.c.i.embedder.EclipseLogger - Using platform encoding (Cp1252 actually) to copy filtered resources, i.e. build is platform dependent!
2022-12-01 14:55:51,949 [Worker-93: Building] INFO  o.e.m.c.i.embedder.EclipseLogger - skip non existing resourceDirectory D:\CODE\CNPM\SprintBacklog_SoftwareEngineer_G6\QuanLyDeTai\src\main\resources
2022-12-01 14:55:51,950 [Worker-93: Building] WARN  o.e.m.c.i.embedder.EclipseLogger - Using platform encoding (Cp1252 actually) to copy filtered resources, i.e. build is platform dependent!
2022-12-01 14:55:51,950 [Worker-93: Building] INFO  o.e.m.c.i.embedder.EclipseLogger - skip non existing resourceDirectory D:\CODE\CNPM\SprintBacklog_SoftwareEngineer_G6\QuanLyDeTai\src\test\resources
2022-12-01 14:57:04,606 [Worker-92: Building] WARN  o.e.m.c.i.embedder.EclipseLogger - Using platform encoding (Cp1252 actually) to copy filtered resources, i.e. build is platform dependent!
2022-12-01 14:57:04,607 [Worker-92: Building] INFO  o.e.m.c.i.embedder.EclipseLogger - skip non existing resourceDirectory D:\CODE\CNPM\SprintBacklog_SoftwareEngineer_G6\QuanLyDeTai\src\main\resources
2022-12-01 14:57:04,608 [Worker-92: Building] WARN  o.e.m.c.i.embedder.EclipseLogger - Using platform encoding (Cp1252 actually) to copy filtered resources, i.e. build is platform dependent!
2022-12-01 14:57:04,608 [Worker-92: Building] INFO  o.e.m.c.i.embedder.EclipseLogger - skip non existing resourceDirectory D:\CODE\CNPM\SprintBacklog_SoftwareEngineer_G6\QuanLyDeTai\src\test\resources
2022-12-01 14:57:26,828 [Worker-94: Building] WARN  o.e.m.c.i.embedder.EclipseLogger - Using platform encoding (Cp1252 actually) to copy filtered resources, i.e. build is platform dependent!
2022-12-01 14:57:26,828 [Worker-94: Building] INFO  o.e.m.c.i.embedder.EclipseLogger - skip non existing resourceDirectory D:\CODE\CNPM\SprintBacklog_SoftwareEngineer_G6\QuanLyDeTai\src\main\resources
2022-12-01 14:57:26,831 [Worker-94: Building] WARN  o.e.m.c.i.embedder.EclipseLogger - Using platform encoding (Cp1252 actually) to copy filtered resources, i.e. build is platform dependent!
2022-12-01 14:57:26,832 [Worker-94: Building] INFO  o.e.m.c.i.embedder.EclipseLogger - skip non existing resourceDirectory D:\CODE\CNPM\SprintBacklog_SoftwareEngineer_G6\QuanLyDeTai\src\test\resources
2022-12-01 14:58:21,284 [Worker-92: Building] WARN  o.e.m.c.i.embedder.EclipseLogger - Using platform encoding (Cp1252 actually) to copy filtered resources, i.e. build is platform dependent!
2022-12-01 14:58:21,285 [Worker-92: Building] INFO  o.e.m.c.i.embedder.EclipseLogger - skip non existing resourceDirectory D:\CODE\CNPM\SprintBacklog_SoftwareEngineer_G6\QuanLyDeTai\src\main\resources
2022-12-01 14:58:21,286 [Worker-92: Building] WARN  o.e.m.c.i.embedder.EclipseLogger - Using platform encoding (Cp1252 actually) to copy filtered resources, i.e. build is platform dependent!
2022-12-01 14:58:21,287 [Worker-92: Building] INFO  o.e.m.c.i.embedder.EclipseLogger - skip non existing resourceDirectory D:\CODE\CNPM\SprintBacklog_SoftwareEngineer_G6\QuanLyDeTai\src\test\resources
2022-12-01 15:06:06,296 [Worker-99: Building] WARN  o.e.m.c.i.embedder.EclipseLogger - Using platform encoding (Cp1252 actually) to copy filtered resources, i.e. build is platform dependent!
2022-12-01 15:06:06,297 [Worker-99: Building] INFO  o.e.m.c.i.embedder.EclipseLogger - skip non existing resourceDirectory D:\CODE\CNPM\SprintBacklog_SoftwareEngineer_G6\QuanLyDeTai\src\main\resources
2022-12-01 15:06:06,298 [Worker-99: Building] WARN  o.e.m.c.i.embedder.EclipseLogger - Using platform encoding (Cp1252 actually) to copy filtered resources, i.e. build is platform dependent!
2022-12-01 15:06:06,299 [Worker-99: Building] INFO  o.e.m.c.i.embedder.EclipseLogger - skip non existing resourceDirectory D:\CODE\CNPM\SprintBacklog_SoftwareEngineer_G6\QuanLyDeTai\src\test\resources
2022-12-01 15:06:36,150 [Worker-88: Building] WARN  o.e.m.c.i.embedder.EclipseLogger - Using platform encoding (Cp1252 actually) to copy filtered resources, i.e. build is platform dependent!
2022-12-01 15:06:36,151 [Worker-88: Building] INFO  o.e.m.c.i.embedder.EclipseLogger - skip non existing resourceDirectory D:\CODE\CNPM\SprintBacklog_SoftwareEngineer_G6\QuanLyDeTai\src\main\resources
2022-12-01 15:06:36,153 [Worker-88: Building] WARN  o.e.m.c.i.embedder.EclipseLogger - Using platform encoding (Cp1252 actually) to copy filtered resources, i.e. build is platform dependent!
2022-12-01 15:06:36,153 [Worker-88: Building] INFO  o.e.m.c.i.embedder.EclipseLogger - skip non existing resourceDirectory D:\CODE\CNPM\SprintBacklog_SoftwareEngineer_G6\QuanLyDeTai\src\test\resources
2022-12-01 15:09:01,187 [Worker-101: Building] WARN  o.e.m.c.i.embedder.EclipseLogger - Using platform encoding (Cp1252 actually) to copy filtered resources, i.e. build is platform dependent!
2022-12-01 15:09:01,188 [Worker-101: Building] INFO  o.e.m.c.i.embedder.EclipseLogger - skip non existing resourceDirectory D:\CODE\CNPM\SprintBacklog_SoftwareEngineer_G6\QuanLyDeTai\src\main\resources
2022-12-01 15:09:01,189 [Worker-101: Building] WARN  o.e.m.c.i.embedder.EclipseLogger - Using platform encoding (Cp1252 actually) to copy filtered resources, i.e. build is platform dependent!
2022-12-01 15:09:01,190 [Worker-101: Building] INFO  o.e.m.c.i.embedder.EclipseLogger - skip non existing resourceDirectory D:\CODE\CNPM\SprintBacklog_SoftwareEngineer_G6\QuanLyDeTai\src\test\resources
2022-12-01 15:09:36,260 [Worker-101: Building] WARN  o.e.m.c.i.embedder.EclipseLogger - Using platform encoding (Cp1252 actually) to copy filtered resources, i.e. build is platform dependent!
2022-12-01 15:09:36,260 [Worker-101: Building] INFO  o.e.m.c.i.embedder.EclipseLogger - skip non existing resourceDirectory D:\CODE\CNPM\SprintBacklog_SoftwareEngineer_G6\QuanLyDeTai\src\main\resources
2022-12-01 15:09:36,263 [Worker-101: Building] WARN  o.e.m.c.i.embedder.EclipseLogger - Using platform encoding (Cp1252 actually) to copy filtered resources, i.e. build is platform dependent!
2022-12-01 15:09:36,264 [Worker-101: Building] INFO  o.e.m.c.i.embedder.EclipseLogger - skip non existing resourceDirectory D:\CODE\CNPM\SprintBacklog_SoftwareEngineer_G6\QuanLyDeTai\src\test\resources
2022-12-01 15:12:11,689 [Worker-98: Building] WARN  o.e.m.c.i.embedder.EclipseLogger - Using platform encoding (Cp1252 actually) to copy filtered resources, i.e. build is platform dependent!
2022-12-01 15:12:11,689 [Worker-98: Building] INFO  o.e.m.c.i.embedder.EclipseLogger - skip non existing resourceDirectory D:\CODE\CNPM\SprintBacklog_SoftwareEngineer_G6\QuanLyDeTai\src\main\resources
2022-12-01 15:12:11,690 [Worker-98: Building] WARN  o.e.m.c.i.embedder.EclipseLogger - Using platform encoding (Cp1252 actually) to copy filtered resources, i.e. build is platform dependent!
2022-12-01 15:12:11,691 [Worker-98: Building] INFO  o.e.m.c.i.embedder.EclipseLogger - skip non existing resourceDirectory D:\CODE\CNPM\SprintBacklog_SoftwareEngineer_G6\QuanLyDeTai\src\test\resources
2022-12-01 15:12:21,678 [Worker-105: Building] WARN  o.e.m.c.i.embedder.EclipseLogger - Using platform encoding (Cp1252 actually) to copy filtered resources, i.e. build is platform dependent!
2022-12-01 15:12:21,679 [Worker-105: Building] INFO  o.e.m.c.i.embedder.EclipseLogger - skip non existing resourceDirectory D:\CODE\CNPM\SprintBacklog_SoftwareEngineer_G6\QuanLyDeTai\src\main\resources
2022-12-01 15:12:21,680 [Worker-105: Building] WARN  o.e.m.c.i.embedder.EclipseLogger - Using platform encoding (Cp1252 actually) to copy filtered resources, i.e. build is platform dependent!
2022-12-01 15:12:21,681 [Worker-105: Building] INFO  o.e.m.c.i.embedder.EclipseLogger - skip non existing resourceDirectory D:\CODE\CNPM\SprintBacklog_SoftwareEngineer_G6\QuanLyDeTai\src\test\resources
2022-12-01 15:12:38,173 [Worker-98: Building] WARN  o.e.m.c.i.embedder.EclipseLogger - Using platform encoding (Cp1252 actually) to copy filtered resources, i.e. build is platform dependent!
2022-12-01 15:12:38,174 [Worker-98: Building] INFO  o.e.m.c.i.embedder.EclipseLogger - skip non existing resourceDirectory D:\CODE\CNPM\SprintBacklog_SoftwareEngineer_G6\QuanLyDeTai\src\main\resources
2022-12-01 15:12:38,175 [Worker-98: Building] WARN  o.e.m.c.i.embedder.EclipseLogger - Using platform encoding (Cp1252 actually) to copy filtered resources, i.e. build is platform dependent!
2022-12-01 15:12:38,176 [Worker-98: Building] INFO  o.e.m.c.i.embedder.EclipseLogger - skip non existing resourceDirectory D:\CODE\CNPM\SprintBacklog_SoftwareEngineer_G6\QuanLyDeTai\src\test\resources
2022-12-01 15:12:48,549 [Worker-98: Building] WARN  o.e.m.c.i.embedder.EclipseLogger - Using platform encoding (Cp1252 actually) to copy filtered resources, i.e. build is platform dependent!
2022-12-01 15:12:48,549 [Worker-98: Building] INFO  o.e.m.c.i.embedder.EclipseLogger - skip non existing resourceDirectory D:\CODE\CNPM\SprintBacklog_SoftwareEngineer_G6\QuanLyDeTai\src\main\resources
2022-12-01 15:12:48,550 [Worker-98: Building] WARN  o.e.m.c.i.embedder.EclipseLogger - Using platform encoding (Cp1252 actually) to copy filtered resources, i.e. build is platform dependent!
2022-12-01 15:12:48,551 [Worker-98: Building] INFO  o.e.m.c.i.embedder.EclipseLogger - skip non existing resourceDirectory D:\CODE\CNPM\SprintBacklog_SoftwareEngineer_G6\QuanLyDeTai\src\test\resources
2022-12-01 15:13:30,987 [Worker-97: Building] WARN  o.e.m.c.i.embedder.EclipseLogger - Using platform encoding (Cp1252 actually) to copy filtered resources, i.e. build is platform dependent!
2022-12-01 15:13:30,988 [Worker-97: Building] INFO  o.e.m.c.i.embedder.EclipseLogger - skip non existing resourceDirectory D:\CODE\CNPM\SprintBacklog_SoftwareEngineer_G6\QuanLyDeTai\src\main\resources
2022-12-01 15:13:30,990 [Worker-97: Building] WARN  o.e.m.c.i.embedder.EclipseLogger - Using platform encoding (Cp1252 actually) to copy filtered resources, i.e. build is platform dependent!
2022-12-01 15:13:30,990 [Worker-97: Building] INFO  o.e.m.c.i.embedder.EclipseLogger - skip non existing resourceDirectory D:\CODE\CNPM\SprintBacklog_SoftwareEngineer_G6\QuanLyDeTai\src\test\resources
2022-12-01 15:17:21,263 [Worker-98: Building] WARN  o.e.m.c.i.embedder.EclipseLogger - Using platform encoding (Cp1252 actually) to copy filtered resources, i.e. build is platform dependent!
2022-12-01 15:17:21,264 [Worker-98: Building] INFO  o.e.m.c.i.embedder.EclipseLogger - skip non existing resourceDirectory D:\CODE\CNPM\SprintBacklog_SoftwareEngineer_G6\QuanLyDeTai\src\main\resources
2022-12-01 15:17:21,265 [Worker-98: Building] WARN  o.e.m.c.i.embedder.EclipseLogger - Using platform encoding (Cp1252 actually) to copy filtered resources, i.e. build is platform dependent!
2022-12-01 15:17:21,266 [Worker-98: Building] INFO  o.e.m.c.i.embedder.EclipseLogger - skip non existing resourceDirectory D:\CODE\CNPM\SprintBacklog_SoftwareEngineer_G6\QuanLyDeTai\src\test\resources
2022-12-01 15:18:04,016 [Worker-105: Building] WARN  o.e.m.c.i.embedder.EclipseLogger - Using platform encoding (Cp1252 actually) to copy filtered resources, i.e. build is platform dependent!
2022-12-01 15:18:04,017 [Worker-105: Building] INFO  o.e.m.c.i.embedder.EclipseLogger - skip non existing resourceDirectory D:\CODE\CNPM\SprintBacklog_SoftwareEngineer_G6\QuanLyDeTai\src\main\resources
2022-12-01 15:18:04,018 [Worker-105: Building] WARN  o.e.m.c.i.embedder.EclipseLogger - Using platform encoding (Cp1252 actually) to copy filtered resources, i.e. build is platform dependent!
2022-12-01 15:18:04,019 [Worker-105: Building] INFO  o.e.m.c.i.embedder.EclipseLogger - skip non existing resourceDirectory D:\CODE\CNPM\SprintBacklog_SoftwareEngineer_G6\QuanLyDeTai\src\test\resources
2022-12-01 15:18:19,154 [Worker-98: Building] WARN  o.e.m.c.i.embedder.EclipseLogger - Using platform encoding (Cp1252 actually) to copy filtered resources, i.e. build is platform dependent!
2022-12-01 15:18:19,155 [Worker-98: Building] INFO  o.e.m.c.i.embedder.EclipseLogger - skip non existing resourceDirectory D:\CODE\CNPM\SprintBacklog_SoftwareEngineer_G6\QuanLyDeTai\src\main\resources
2022-12-01 15:18:19,157 [Worker-98: Building] WARN  o.e.m.c.i.embedder.EclipseLogger - Using platform encoding (Cp1252 actually) to copy filtered resources, i.e. build is platform dependent!
2022-12-01 15:18:19,158 [Worker-98: Building] INFO  o.e.m.c.i.embedder.EclipseLogger - skip non existing resourceDirectory D:\CODE\CNPM\SprintBacklog_SoftwareEngineer_G6\QuanLyDeTai\src\test\resources
2022-12-01 15:19:52,145 [Worker-107: Building] WARN  o.e.m.c.i.embedder.EclipseLogger - Using platform encoding (Cp1252 actually) to copy filtered resources, i.e. build is platform dependent!
2022-12-01 15:19:52,145 [Worker-107: Building] INFO  o.e.m.c.i.embedder.EclipseLogger - skip non existing resourceDirectory D:\CODE\CNPM\SprintBacklog_SoftwareEngineer_G6\QuanLyDeTai\src\main\resources
2022-12-01 15:19:52,146 [Worker-107: Building] WARN  o.e.m.c.i.embedder.EclipseLogger - Using platform encoding (Cp1252 actually) to copy filtered resources, i.e. build is platform dependent!
2022-12-01 15:19:52,147 [Worker-107: Building] INFO  o.e.m.c.i.embedder.EclipseLogger - skip non existing resourceDirectory D:\CODE\CNPM\SprintBacklog_SoftwareEngineer_G6\QuanLyDeTai\src\test\resources
2022-12-01 15:20:51,539 [Worker-109: Building] WARN  o.e.m.c.i.embedder.EclipseLogger - Using platform encoding (Cp1252 actually) to copy filtered resources, i.e. build is platform dependent!
2022-12-01 15:20:51,540 [Worker-109: Building] INFO  o.e.m.c.i.embedder.EclipseLogger - skip non existing resourceDirectory D:\CODE\CNPM\SprintBacklog_SoftwareEngineer_G6\QuanLyDeTai\src\main\resources
2022-12-01 15:20:51,541 [Worker-109: Building] WARN  o.e.m.c.i.embedder.EclipseLogger - Using platform encoding (Cp1252 actually) to copy filtered resources, i.e. build is platform dependent!
2022-12-01 15:20:51,542 [Worker-109: Building] INFO  o.e.m.c.i.embedder.EclipseLogger - skip non existing resourceDirectory D:\CODE\CNPM\SprintBacklog_SoftwareEngineer_G6\QuanLyDeTai\src\test\resources
2022-12-01 15:21:08,717 [Worker-110: Building] WARN  o.e.m.c.i.embedder.EclipseLogger - Using platform encoding (Cp1252 actually) to copy filtered resources, i.e. build is platform dependent!
2022-12-01 15:21:08,718 [Worker-110: Building] INFO  o.e.m.c.i.embedder.EclipseLogger - skip non existing resourceDirectory D:\CODE\CNPM\SprintBacklog_SoftwareEngineer_G6\QuanLyDeTai\src\main\resources
2022-12-01 15:21:08,719 [Worker-110: Building] WARN  o.e.m.c.i.embedder.EclipseLogger - Using platform encoding (Cp1252 actually) to copy filtered resources, i.e. build is platform dependent!
2022-12-01 15:21:08,720 [Worker-110: Building] INFO  o.e.m.c.i.embedder.EclipseLogger - skip non existing resourceDirectory D:\CODE\CNPM\SprintBacklog_SoftwareEngineer_G6\QuanLyDeTai\src\test\resources
2022-12-01 15:22:24,018 [Worker-109: Building] WARN  o.e.m.c.i.embedder.EclipseLogger - Using platform encoding (Cp1252 actually) to copy filtered resources, i.e. build is platform dependent!
2022-12-01 15:22:24,019 [Worker-109: Building] INFO  o.e.m.c.i.embedder.EclipseLogger - skip non existing resourceDirectory D:\CODE\CNPM\SprintBacklog_SoftwareEngineer_G6\QuanLyDeTai\src\main\resources
2022-12-01 15:22:24,019 [Worker-109: Building] WARN  o.e.m.c.i.embedder.EclipseLogger - Using platform encoding (Cp1252 actually) to copy filtered resources, i.e. build is platform dependent!
2022-12-01 15:22:24,020 [Worker-109: Building] INFO  o.e.m.c.i.embedder.EclipseLogger - skip non existing resourceDirectory D:\CODE\CNPM\SprintBacklog_SoftwareEngineer_G6\QuanLyDeTai\src\test\resources
2022-12-01 15:22:32,849 [Worker-113: Building] WARN  o.e.m.c.i.embedder.EclipseLogger - Using platform encoding (Cp1252 actually) to copy filtered resources, i.e. build is platform dependent!
2022-12-01 15:22:32,850 [Worker-113: Building] INFO  o.e.m.c.i.embedder.EclipseLogger - skip non existing resourceDirectory D:\CODE\CNPM\SprintBacklog_SoftwareEngineer_G6\QuanLyDeTai\src\main\resources
2022-12-01 15:22:32,850 [Worker-113: Building] WARN  o.e.m.c.i.embedder.EclipseLogger - Using platform encoding (Cp1252 actually) to copy filtered resources, i.e. build is platform dependent!
2022-12-01 15:22:32,851 [Worker-113: Building] INFO  o.e.m.c.i.embedder.EclipseLogger - skip non existing resourceDirectory D:\CODE\CNPM\SprintBacklog_SoftwareEngineer_G6\QuanLyDeTai\src\test\resources
2022-12-01 15:22:54,615 [Worker-109: Building] WARN  o.e.m.c.i.embedder.EclipseLogger - Using platform encoding (Cp1252 actually) to copy filtered resources, i.e. build is platform dependent!
2022-12-01 15:22:54,615 [Worker-109: Building] INFO  o.e.m.c.i.embedder.EclipseLogger - skip non existing resourceDirectory D:\CODE\CNPM\SprintBacklog_SoftwareEngineer_G6\QuanLyDeTai\src\main\resources
2022-12-01 15:22:54,616 [Worker-109: Building] WARN  o.e.m.c.i.embedder.EclipseLogger - Using platform encoding (Cp1252 actually) to copy filtered resources, i.e. build is platform dependent!
2022-12-01 15:22:54,617 [Worker-109: Building] INFO  o.e.m.c.i.embedder.EclipseLogger - skip non existing resourceDirectory D:\CODE\CNPM\SprintBacklog_SoftwareEngineer_G6\QuanLyDeTai\src\test\resources
2022-12-01 15:26:22,816 [Worker-109: Building] WARN  o.e.m.c.i.embedder.EclipseLogger - Using platform encoding (Cp1252 actually) to copy filtered resources, i.e. build is platform dependent!
2022-12-01 15:26:22,817 [Worker-109: Building] INFO  o.e.m.c.i.embedder.EclipseLogger - skip non existing resourceDirectory D:\CODE\CNPM\SprintBacklog_SoftwareEngineer_G6\QuanLyDeTai\src\main\resources
2022-12-01 15:26:22,817 [Worker-109: Building] WARN  o.e.m.c.i.embedder.EclipseLogger - Using platform encoding (Cp1252 actually) to copy filtered resources, i.e. build is platform dependent!
2022-12-01 15:26:22,818 [Worker-109: Building] INFO  o.e.m.c.i.embedder.EclipseLogger - skip non existing resourceDirectory D:\CODE\CNPM\SprintBacklog_SoftwareEngineer_G6\QuanLyDeTai\src\test\resources
2022-12-01 15:28:08,928 [Worker-102: Building] WARN  o.e.m.c.i.embedder.EclipseLogger - Using platform encoding (Cp1252 actually) to copy filtered resources, i.e. build is platform dependent!
2022-12-01 15:28:08,929 [Worker-102: Building] INFO  o.e.m.c.i.embedder.EclipseLogger - skip non existing resourceDirectory D:\CODE\CNPM\SprintBacklog_SoftwareEngineer_G6\QuanLyDeTai\src\main\resources
2022-12-01 15:28:08,930 [Worker-102: Building] WARN  o.e.m.c.i.embedder.EclipseLogger - Using platform encoding (Cp1252 actually) to copy filtered resources, i.e. build is platform dependent!
2022-12-01 15:28:08,931 [Worker-102: Building] INFO  o.e.m.c.i.embedder.EclipseLogger - skip non existing resourceDirectory D:\CODE\CNPM\SprintBacklog_SoftwareEngineer_G6\QuanLyDeTai\src\test\resources
2022-12-01 15:28:30,582 [Worker-109: Building] WARN  o.e.m.c.i.embedder.EclipseLogger - Using platform encoding (Cp1252 actually) to copy filtered resources, i.e. build is platform dependent!
2022-12-01 15:28:30,583 [Worker-109: Building] INFO  o.e.m.c.i.embedder.EclipseLogger - skip non existing resourceDirectory D:\CODE\CNPM\SprintBacklog_SoftwareEngineer_G6\QuanLyDeTai\src\main\resources
2022-12-01 15:28:30,585 [Worker-109: Building] WARN  o.e.m.c.i.embedder.EclipseLogger - Using platform encoding (Cp1252 actually) to copy filtered resources, i.e. build is platform dependent!
2022-12-01 15:28:30,586 [Worker-109: Building] INFO  o.e.m.c.i.embedder.EclipseLogger - skip non existing resourceDirectory D:\CODE\CNPM\SprintBacklog_SoftwareEngineer_G6\QuanLyDeTai\src\test\resources
2022-12-01 15:28:43,264 [Worker-102: Building] WARN  o.e.m.c.i.embedder.EclipseLogger - Using platform encoding (Cp1252 actually) to copy filtered resources, i.e. build is platform dependent!
2022-12-01 15:28:43,264 [Worker-102: Building] INFO  o.e.m.c.i.embedder.EclipseLogger - skip non existing resourceDirectory D:\CODE\CNPM\SprintBacklog_SoftwareEngineer_G6\QuanLyDeTai\src\main\resources
2022-12-01 15:28:43,265 [Worker-102: Building] WARN  o.e.m.c.i.embedder.EclipseLogger - Using platform encoding (Cp1252 actually) to copy filtered resources, i.e. build is platform dependent!
2022-12-01 15:28:43,265 [Worker-102: Building] INFO  o.e.m.c.i.embedder.EclipseLogger - skip non existing resourceDirectory D:\CODE\CNPM\SprintBacklog_SoftwareEngineer_G6\QuanLyDeTai\src\test\resources
2022-12-01 15:29:28,664 [Worker-109: Building] WARN  o.e.m.c.i.embedder.EclipseLogger - Using platform encoding (Cp1252 actually) to copy filtered resources, i.e. build is platform dependent!
2022-12-01 15:29:28,664 [Worker-109: Building] INFO  o.e.m.c.i.embedder.EclipseLogger - skip non existing resourceDirectory D:\CODE\CNPM\SprintBacklog_SoftwareEngineer_G6\QuanLyDeTai\src\main\resources
2022-12-01 15:29:28,665 [Worker-109: Building] WARN  o.e.m.c.i.embedder.EclipseLogger - Using platform encoding (Cp1252 actually) to copy filtered resources, i.e. build is platform dependent!
2022-12-01 15:29:28,666 [Worker-109: Building] INFO  o.e.m.c.i.embedder.EclipseLogger - skip non existing resourceDirectory D:\CODE\CNPM\SprintBacklog_SoftwareEngineer_G6\QuanLyDeTai\src\test\resources
2022-12-01 15:32:45,963 [Worker-114: Building] WARN  o.e.m.c.i.embedder.EclipseLogger - Using platform encoding (Cp1252 actually) to copy filtered resources, i.e. build is platform dependent!
2022-12-01 15:32:45,964 [Worker-114: Building] INFO  o.e.m.c.i.embedder.EclipseLogger - skip non existing resourceDirectory D:\CODE\CNPM\SprintBacklog_SoftwareEngineer_G6\QuanLyDeTai\src\main\resources
2022-12-01 15:32:45,966 [Worker-114: Building] WARN  o.e.m.c.i.embedder.EclipseLogger - Using platform encoding (Cp1252 actually) to copy filtered resources, i.e. build is platform dependent!
2022-12-01 15:32:45,966 [Worker-114: Building] INFO  o.e.m.c.i.embedder.EclipseLogger - skip non existing resourceDirectory D:\CODE\CNPM\SprintBacklog_SoftwareEngineer_G6\QuanLyDeTai\src\test\resources
2022-12-01 15:33:06,068 [Worker-114: Building] WARN  o.e.m.c.i.embedder.EclipseLogger - Using platform encoding (Cp1252 actually) to copy filtered resources, i.e. build is platform dependent!
2022-12-01 15:33:06,069 [Worker-114: Building] INFO  o.e.m.c.i.embedder.EclipseLogger - skip non existing resourceDirectory D:\CODE\CNPM\SprintBacklog_SoftwareEngineer_G6\QuanLyDeTai\src\main\resources
2022-12-01 15:33:06,071 [Worker-114: Building] WARN  o.e.m.c.i.embedder.EclipseLogger - Using platform encoding (Cp1252 actually) to copy filtered resources, i.e. build is platform dependent!
2022-12-01 15:33:06,072 [Worker-114: Building] INFO  o.e.m.c.i.embedder.EclipseLogger - skip non existing resourceDirectory D:\CODE\CNPM\SprintBacklog_SoftwareEngineer_G6\QuanLyDeTai\src\test\resources
2022-12-01 15:33:46,980 [Worker-117: Building] WARN  o.e.m.c.i.embedder.EclipseLogger - Using platform encoding (Cp1252 actually) to copy filtered resources, i.e. build is platform dependent!
2022-12-01 15:33:46,981 [Worker-117: Building] INFO  o.e.m.c.i.embedder.EclipseLogger - skip non existing resourceDirectory D:\CODE\CNPM\SprintBacklog_SoftwareEngineer_G6\QuanLyDeTai\src\main\resources
2022-12-01 15:33:46,982 [Worker-117: Building] WARN  o.e.m.c.i.embedder.EclipseLogger - Using platform encoding (Cp1252 actually) to copy filtered resources, i.e. build is platform dependent!
2022-12-01 15:33:46,982 [Worker-117: Building] INFO  o.e.m.c.i.embedder.EclipseLogger - skip non existing resourceDirectory D:\CODE\CNPM\SprintBacklog_SoftwareEngineer_G6\QuanLyDeTai\src\test\resources
2022-12-01 15:33:54,011 [Worker-118: Building] WARN  o.e.m.c.i.embedder.EclipseLogger - Using platform encoding (Cp1252 actually) to copy filtered resources, i.e. build is platform dependent!
2022-12-01 15:33:54,012 [Worker-118: Building] INFO  o.e.m.c.i.embedder.EclipseLogger - skip non existing resourceDirectory D:\CODE\CNPM\SprintBacklog_SoftwareEngineer_G6\QuanLyDeTai\src\main\resources
2022-12-01 15:33:54,012 [Worker-118: Building] WARN  o.e.m.c.i.embedder.EclipseLogger - Using platform encoding (Cp1252 actually) to copy filtered resources, i.e. build is platform dependent!
2022-12-01 15:33:54,013 [Worker-118: Building] INFO  o.e.m.c.i.embedder.EclipseLogger - skip non existing resourceDirectory D:\CODE\CNPM\SprintBacklog_SoftwareEngineer_G6\QuanLyDeTai\src\test\resources
2022-12-01 15:34:00,372 [Worker-114: Building] WARN  o.e.m.c.i.embedder.EclipseLogger - Using platform encoding (Cp1252 actually) to copy filtered resources, i.e. build is platform dependent!
2022-12-01 15:34:00,372 [Worker-114: Building] INFO  o.e.m.c.i.embedder.EclipseLogger - skip non existing resourceDirectory D:\CODE\CNPM\SprintBacklog_SoftwareEngineer_G6\QuanLyDeTai\src\main\resources
2022-12-01 15:34:00,373 [Worker-114: Building] WARN  o.e.m.c.i.embedder.EclipseLogger - Using platform encoding (Cp1252 actually) to copy filtered resources, i.e. build is platform dependent!
2022-12-01 15:34:00,374 [Worker-114: Building] INFO  o.e.m.c.i.embedder.EclipseLogger - skip non existing resourceDirectory D:\CODE\CNPM\SprintBacklog_SoftwareEngineer_G6\QuanLyDeTai\src\test\resources
